---------------------------------------------------------------
[ 2020-03-28T18:17:58+08:00 ] 127.0.0.1 GET match-test.com/
[运行时间：0.604024s] [吞吐率：1.66req/s] [内存消耗：4,194.20kb] [文件加载：132]
[ info ] [ BEHAVIOR ] Run Closure @app_init [ RunTime:0.034076s ]
[ info ] [ CACHE ] INIT File
[ info ] [ BEHAVIOR ] Run Closure @app_init [ RunTime:0.002920s ]
[ info ] [ LANG ] F:\phpstudy_pro\WWW\match\thinkphp\lang\zh-cn.php
[ info ] [ ROUTE ] array (
  'type' => 'module',
  'module' => 
  array (
    0 => '',
    1 => NULL,
    2 => NULL,
  ),
)
[ info ] [ HEADER ] array (
  'accept-language' => 'zh-CN,zh;q=0.9',
  'accept-encoding' => 'gzip, deflate',
  'purpose' => 'prefetch',
  'accept' => 'text/html,application/xhtml+xml,application/xml;q=0.9,image/webp,image/apng,*/*;q=0.8,application/signed-exchange;v=b3',
  'user-agent' => 'Mozilla/5.0 (Windows NT 10.0; Win64; x64) AppleWebKit/537.36 (KHTML, like Gecko) Chrome/77.0.3865.90 Safari/537.36',
  'upgrade-insecure-requests' => '1',
  'connection' => 'close',
  'host' => 'match-test.com',
)
[ info ] [ PARAM ] array (
)
[ info ] [ LANG ] F:\phpstudy_pro\WWW\match\public/../application/index\lang\zh-cn.php
[ info ] [ BEHAVIOR ] Run app\common\behavior\Common @module_init [ RunTime:0.002386s ]
[ info ] [ DB ] INIT mysql
[ info ] [ BEHAVIOR ] Run \addons\nkeditor\Nkeditor @config_init [ RunTime:0.000535s ]
[ info ] [ LANG ] F:\phpstudy_pro\WWW\match\public/../application/index/lang/zh-cn/index.php
[ info ] [ RUN ] app\index\controller\Index->index[ F:\phpstudy_pro\WWW\match\application\index\controller\Index.php ]
[ info ] [ VIEW ] F:\phpstudy_pro\WWW\match\public/../application/index\view\index\index.html [ array (
  0 => 'activelist',
  1 => 'us',
  2 => 'kccat',
  3 => 'user',
  4 => 'site',
  5 => 'config',
  6 => 'cur',
  7 => 'activity',
  8 => 'titles',
  9 => 'images',
  10 => 'videos',
) ]
[ info ] [ LOG ] INIT File
---------------------------------------------------------------
[ 2020-03-28T18:17:59+08:00 ] 127.0.0.1 GET match-test.com/index/common/daojishi.html
[运行时间：0.364569s] [吞吐率：2.74req/s] [内存消耗：3,936.10kb] [文件加载：128]
[ info ] [ BEHAVIOR ] Run Closure @app_init [ RunTime:0.000023s ]
[ info ] [ CACHE ] INIT File
[ info ] [ BEHAVIOR ] Run Closure @app_init [ RunTime:0.004602s ]
[ info ] [ LANG ] F:\phpstudy_pro\WWW\match\thinkphp\lang\zh-cn.php
[ info ] [ ROUTE ] array (
  'type' => 'module',
  'module' => 
  array (
    0 => 'index',
    1 => 'common',
    2 => 'daojishi',
  ),
)
[ info ] [ HEADER ] array (
  'accept-language' => 'zh-CN,zh;q=0.9',
  'accept-encoding' => 'gzip, deflate',
  'referer' => 'http://match-test.com/',
  'content-type' => 'application/json',
  'user-agent' => 'Mozilla/5.0 (Windows NT 10.0; Win64; x64) AppleWebKit/537.36 (KHTML, like Gecko) Chrome/77.0.3865.90 Safari/537.36',
  'x-requested-with' => 'XMLHttpRequest',
  'accept' => 'application/json, text/javascript, */*; q=0.01',
  'connection' => 'close',
  'host' => 'match-test.com',
)
[ info ] [ PARAM ] array (
)
[ info ] [ LANG ] F:\phpstudy_pro\WWW\match\public/../application/index\lang\zh-cn.php
[ info ] [ BEHAVIOR ] Run app\common\behavior\Common @module_init [ RunTime:0.003101s ]
[ info ] [ DB ] INIT mysql
[ info ] [ BEHAVIOR ] Run \addons\nkeditor\Nkeditor @config_init [ RunTime:0.000650s ]
[ info ] [ RUN ] app\index\controller\Common->daojishi[ F:\phpstudy_pro\WWW\match\application\index\controller\Common.php ]
[ info ] [ LOG ] INIT File
---------------------------------------------------------------
[ 2020-03-28T18:17:59+08:00 ] 127.0.0.1 GET match-test.com/favicon.ico
[运行时间：0.064857s] [吞吐率：15.42req/s] [内存消耗：2,107.75kb] [文件加载：108]
[ info ] [ BEHAVIOR ] Run Closure @app_init [ RunTime:0.000046s ]
[ info ] [ CACHE ] INIT File
[ info ] [ BEHAVIOR ] Run Closure @app_init [ RunTime:0.004420s ]
[ info ] [ LANG ] F:\phpstudy_pro\WWW\match\thinkphp\lang\zh-cn.php
[ info ] [ ROUTE ] array (
  'type' => 'module',
  'module' => 
  array (
    0 => 'favicon.ico',
    1 => NULL,
    2 => NULL,
  ),
)
[ info ] [ HEADER ] array (
  'accept-language' => 'zh-CN,zh;q=0.9',
  'accept-encoding' => 'gzip, deflate',
  'referer' => 'http://match-test.com/',
  'accept' => 'image/webp,image/apng,image/*,*/*;q=0.8',
  'user-agent' => 'Mozilla/5.0 (Windows NT 10.0; Win64; x64) AppleWebKit/537.36 (KHTML, like Gecko) Chrome/77.0.3865.90 Safari/537.36',
  'connection' => 'close',
  'host' => 'match-test.com',
)
[ info ] [ PARAM ] array (
)
[ info ] [ LOG ] INIT File
---------------------------------------------------------------
[ 2020-03-28T18:18:01+08:00 ] 127.0.0.1 GET match-test.com/index/us/index/id/1.html
[运行时间：0.275395s] [吞吐率：3.63req/s] [内存消耗：3,980.98kb] [文件加载：129]
[ info ] [ BEHAVIOR ] Run Closure @app_init [ RunTime:0.000025s ]
[ info ] [ CACHE ] INIT File
[ info ] [ BEHAVIOR ] Run Closure @app_init [ RunTime:0.001686s ]
[ info ] [ LANG ] F:\phpstudy_pro\WWW\match\thinkphp\lang\zh-cn.php
[ info ] [ ROUTE ] array (
  'type' => 'module',
  'module' => 
  array (
    0 => 'index',
    1 => 'us',
    2 => 'index',
  ),
)
[ info ] [ HEADER ] array (
  'accept-language' => 'zh-CN,zh;q=0.9',
  'accept-encoding' => 'gzip, deflate',
  'referer' => 'http://match-test.com/',
  'accept' => 'text/html,application/xhtml+xml,application/xml;q=0.9,image/webp,image/apng,*/*;q=0.8,application/signed-exchange;v=b3',
  'user-agent' => 'Mozilla/5.0 (Windows NT 10.0; Win64; x64) AppleWebKit/537.36 (KHTML, like Gecko) Chrome/77.0.3865.90 Safari/537.36',
  'upgrade-insecure-requests' => '1',
  'connection' => 'close',
  'host' => 'match-test.com',
)
[ info ] [ PARAM ] array (
  'id' => '1',
)
[ info ] [ LANG ] F:\phpstudy_pro\WWW\match\public/../application/index\lang\zh-cn.php
[ info ] [ BEHAVIOR ] Run app\common\behavior\Common @module_init [ RunTime:0.001304s ]
[ info ] [ DB ] INIT mysql
[ info ] [ BEHAVIOR ] Run \addons\nkeditor\Nkeditor @config_init [ RunTime:0.000171s ]
[ info ] [ RUN ] app\index\controller\Us->index[ F:\phpstudy_pro\WWW\match\application\index\controller\Us.php ]
[ info ] [ VIEW ] F:\phpstudy_pro\WWW\match\public/../application/index\view\us\index.html [ array (
  0 => 'activelist',
  1 => 'us',
  2 => 'kccat',
  3 => 'user',
  4 => 'site',
  5 => 'config',
  6 => 'content',
  7 => 'cur',
) ]
[ info ] [ LOG ] INIT File
---------------------------------------------------------------
[ 2020-03-28T18:18:01+08:00 ] 127.0.0.1 GET match-test.com/index/common/daojishi.html
[运行时间：0.292120s] [吞吐率：3.42req/s] [内存消耗：3,936.32kb] [文件加载：128]
[ info ] [ BEHAVIOR ] Run Closure @app_init [ RunTime:0.000079s ]
[ info ] [ CACHE ] INIT File
[ info ] [ BEHAVIOR ] Run Closure @app_init [ RunTime:0.003302s ]
[ info ] [ LANG ] F:\phpstudy_pro\WWW\match\thinkphp\lang\zh-cn.php
[ info ] [ ROUTE ] array (
  'type' => 'module',
  'module' => 
  array (
    0 => 'index',
    1 => 'common',
    2 => 'daojishi',
  ),
)
[ info ] [ HEADER ] array (
  'accept-language' => 'zh-CN,zh;q=0.9',
  'accept-encoding' => 'gzip, deflate',
  'referer' => 'http://match-test.com/index/us/index/id/1.html',
  'content-type' => 'application/json',
  'user-agent' => 'Mozilla/5.0 (Windows NT 10.0; Win64; x64) AppleWebKit/537.36 (KHTML, like Gecko) Chrome/77.0.3865.90 Safari/537.36',
  'x-requested-with' => 'XMLHttpRequest',
  'accept' => 'application/json, text/javascript, */*; q=0.01',
  'connection' => 'close',
  'host' => 'match-test.com',
)
[ info ] [ PARAM ] array (
)
[ info ] [ LANG ] F:\phpstudy_pro\WWW\match\public/../application/index\lang\zh-cn.php
[ info ] [ BEHAVIOR ] Run app\common\behavior\Common @module_init [ RunTime:0.002464s ]
[ info ] [ DB ] INIT mysql
[ info ] [ BEHAVIOR ] Run \addons\nkeditor\Nkeditor @config_init [ RunTime:0.000274s ]
[ info ] [ RUN ] app\index\controller\Common->daojishi[ F:\phpstudy_pro\WWW\match\application\index\controller\Common.php ]
[ info ] [ LOG ] INIT File
---------------------------------------------------------------
[ 2020-03-28T18:21:13+08:00 ] 127.0.0.1 GET match-test.com/favicon.ico
[运行时间：0.071997s] [吞吐率：13.89req/s] [内存消耗：2,107.91kb] [文件加载：108]
[ info ] [ BEHAVIOR ] Run Closure @app_init [ RunTime:0.000037s ]
[ info ] [ CACHE ] INIT File
[ info ] [ BEHAVIOR ] Run Closure @app_init [ RunTime:0.008887s ]
[ info ] [ LANG ] F:\phpstudy_pro\WWW\match\thinkphp\lang\zh-cn.php
[ info ] [ ROUTE ] array (
  'type' => 'module',
  'module' => 
  array (
    0 => 'favicon.ico',
    1 => NULL,
    2 => NULL,
  ),
)
[ info ] [ HEADER ] array (
  'accept-language' => 'zh-CN,zh;q=0.9',
  'accept-encoding' => 'gzip, deflate',
  'referer' => 'http://match-test.com/index/us/index/id/1.html',
  'accept' => 'image/webp,image/apng,image/*,*/*;q=0.8',
  'user-agent' => 'Mozilla/5.0 (Windows NT 10.0; Win64; x64) AppleWebKit/537.36 (KHTML, like Gecko) Chrome/77.0.3865.90 Safari/537.36',
  'connection' => 'close',
  'host' => 'match-test.com',
)
[ info ] [ PARAM ] array (
)
[ info ] [ LOG ] INIT File
---------------------------------------------------------------
[ 2020-03-28T18:21:15+08:00 ] 127.0.0.1 GET match-test.com/
[运行时间：0.373226s] [吞吐率：2.68req/s] [内存消耗：4,194.28kb] [文件加载：132]
[ info ] [ BEHAVIOR ] Run Closure @app_init [ RunTime:0.000059s ]
[ info ] [ CACHE ] INIT File
[ info ] [ BEHAVIOR ] Run Closure @app_init [ RunTime:0.002539s ]
[ info ] [ LANG ] F:\phpstudy_pro\WWW\match\thinkphp\lang\zh-cn.php
[ info ] [ ROUTE ] array (
  'type' => 'module',
  'module' => 
  array (
    0 => '',
    1 => NULL,
    2 => NULL,
  ),
)
[ info ] [ HEADER ] array (
  'accept-language' => 'zh-CN,zh;q=0.9',
  'accept-encoding' => 'gzip, deflate',
  'referer' => 'http://match-test.com/index/us/index/id/1.html',
  'accept' => 'text/html,application/xhtml+xml,application/xml;q=0.9,image/webp,image/apng,*/*;q=0.8,application/signed-exchange;v=b3',
  'user-agent' => 'Mozilla/5.0 (Windows NT 10.0; Win64; x64) AppleWebKit/537.36 (KHTML, like Gecko) Chrome/77.0.3865.90 Safari/537.36',
  'upgrade-insecure-requests' => '1',
  'connection' => 'close',
  'host' => 'match-test.com',
)
[ info ] [ PARAM ] array (
)
[ info ] [ LANG ] F:\phpstudy_pro\WWW\match\public/../application/index\lang\zh-cn.php
[ info ] [ BEHAVIOR ] Run app\common\behavior\Common @module_init [ RunTime:0.002276s ]
[ info ] [ DB ] INIT mysql
[ info ] [ BEHAVIOR ] Run \addons\nkeditor\Nkeditor @config_init [ RunTime:0.000302s ]
[ info ] [ LANG ] F:\phpstudy_pro\WWW\match\public/../application/index/lang/zh-cn/index.php
[ info ] [ RUN ] app\index\controller\Index->index[ F:\phpstudy_pro\WWW\match\application\index\controller\Index.php ]
[ info ] [ VIEW ] F:\phpstudy_pro\WWW\match\public/../application/index\view\index\index.html [ array (
  0 => 'activelist',
  1 => 'us',
  2 => 'kccat',
  3 => 'user',
  4 => 'site',
  5 => 'config',
  6 => 'cur',
  7 => 'activity',
  8 => 'titles',
  9 => 'images',
  10 => 'videos',
) ]
[ info ] [ LOG ] INIT File
---------------------------------------------------------------
[ 2020-03-28T18:21:16+08:00 ] 127.0.0.1 GET match-test.com/index/common/daojishi.html
[运行时间：0.248081s] [吞吐率：4.03req/s] [内存消耗：3,936.10kb] [文件加载：128]
[ info ] [ BEHAVIOR ] Run Closure @app_init [ RunTime:0.000026s ]
[ info ] [ CACHE ] INIT File
[ info ] [ BEHAVIOR ] Run Closure @app_init [ RunTime:0.002820s ]
[ info ] [ LANG ] F:\phpstudy_pro\WWW\match\thinkphp\lang\zh-cn.php
[ info ] [ ROUTE ] array (
  'type' => 'module',
  'module' => 
  array (
    0 => 'index',
    1 => 'common',
    2 => 'daojishi',
  ),
)
[ info ] [ HEADER ] array (
  'accept-language' => 'zh-CN,zh;q=0.9',
  'accept-encoding' => 'gzip, deflate',
  'referer' => 'http://match-test.com/',
  'content-type' => 'application/json',
  'user-agent' => 'Mozilla/5.0 (Windows NT 10.0; Win64; x64) AppleWebKit/537.36 (KHTML, like Gecko) Chrome/77.0.3865.90 Safari/537.36',
  'x-requested-with' => 'XMLHttpRequest',
  'accept' => 'application/json, text/javascript, */*; q=0.01',
  'connection' => 'close',
  'host' => 'match-test.com',
)
[ info ] [ PARAM ] array (
)
[ info ] [ LANG ] F:\phpstudy_pro\WWW\match\public/../application/index\lang\zh-cn.php
[ info ] [ BEHAVIOR ] Run app\common\behavior\Common @module_init [ RunTime:0.001845s ]
[ info ] [ DB ] INIT mysql
[ info ] [ BEHAVIOR ] Run \addons\nkeditor\Nkeditor @config_init [ RunTime:0.000551s ]
[ info ] [ RUN ] app\index\controller\Common->daojishi[ F:\phpstudy_pro\WWW\match\application\index\controller\Common.php ]
[ info ] [ LOG ] INIT File
---------------------------------------------------------------
[ 2020-03-28T18:21:21+08:00 ] 127.0.0.1 GET match-test.com/static/js/bootstrap.min.js.map
[运行时间：0.047635s] [吞吐率：20.99req/s] [内存消耗：2,107.40kb] [文件加载：108]
[ info ] [ BEHAVIOR ] Run Closure @app_init [ RunTime:0.000024s ]
[ info ] [ CACHE ] INIT File
[ info ] [ BEHAVIOR ] Run Closure @app_init [ RunTime:0.005430s ]
[ info ] [ LANG ] F:\phpstudy_pro\WWW\match\thinkphp\lang\zh-cn.php
[ info ] [ ROUTE ] array (
  'type' => 'module',
  'module' => 
  array (
    0 => 'static',
    1 => 'js',
    2 => 'bootstrap.min.js.map',
  ),
)
[ info ] [ HEADER ] array (
  'accept-language' => 'zh-CN,zh;q=0.9',
  'accept-encoding' => 'gzip, deflate',
  'user-agent' => 'Mozilla/5.0 (Windows NT 10.0; Win64; x64) AppleWebKit/537.36 (KHTML, like Gecko) Chrome/77.0.3865.90 Safari/537.36',
  'connection' => 'close',
  'host' => 'match-test.com',
)
[ info ] [ PARAM ] array (
)
[ info ] [ LOG ] INIT File
---------------------------------------------------------------
[ 2020-03-28T18:22:42+08:00 ] 127.0.0.1 GET match-test.com/index/welfare/index.html
[运行时间：0.297404s] [吞吐率：3.36req/s] [内存消耗：4,136.53kb] [文件加载：131]
[ info ] [ BEHAVIOR ] Run Closure @app_init [ RunTime:0.000019s ]
[ info ] [ CACHE ] INIT File
[ info ] [ BEHAVIOR ] Run Closure @app_init [ RunTime:0.002557s ]
[ info ] [ LANG ] F:\phpstudy_pro\WWW\match\thinkphp\lang\zh-cn.php
[ info ] [ ROUTE ] array (
  'type' => 'module',
  'module' => 
  array (
    0 => 'index',
    1 => 'welfare',
    2 => 'index',
  ),
)
[ info ] [ HEADER ] array (
  'accept-language' => 'zh-CN,zh;q=0.9',
  'accept-encoding' => 'gzip, deflate',
  'referer' => 'http://match-test.com/',
  'accept' => 'text/html,application/xhtml+xml,application/xml;q=0.9,image/webp,image/apng,*/*;q=0.8,application/signed-exchange;v=b3',
  'user-agent' => 'Mozilla/5.0 (Windows NT 10.0; Win64; x64) AppleWebKit/537.36 (KHTML, like Gecko) Chrome/77.0.3865.90 Safari/537.36',
  'upgrade-insecure-requests' => '1',
  'connection' => 'close',
  'host' => 'match-test.com',
)
[ info ] [ PARAM ] array (
)
[ info ] [ LANG ] F:\phpstudy_pro\WWW\match\public/../application/index\lang\zh-cn.php
[ info ] [ BEHAVIOR ] Run app\common\behavior\Common @module_init [ RunTime:0.001315s ]
[ info ] [ DB ] INIT mysql
[ info ] [ BEHAVIOR ] Run \addons\nkeditor\Nkeditor @config_init [ RunTime:0.000176s ]
[ info ] [ RUN ] app\index\controller\Welfare->index[ F:\phpstudy_pro\WWW\match\application\index\controller\Welfare.php ]
[ info ] [ VIEW ] F:\phpstudy_pro\WWW\match\public/../application/index\view\welfare\index.html [ array (
  0 => 'activelist',
  1 => 'us',
  2 => 'kccat',
  3 => 'user',
  4 => 'site',
  5 => 'config',
  6 => 'titles',
  7 => 'cur',
) ]
[ info ] [ LOG ] INIT File
---------------------------------------------------------------
[ 2020-03-28T18:22:42+08:00 ] 127.0.0.1 GET match-test.com/index/common/daojishi.html
[运行时间：0.269003s] [吞吐率：3.72req/s] [内存消耗：3,936.32kb] [文件加载：128]
[ info ] [ BEHAVIOR ] Run Closure @app_init [ RunTime:0.000026s ]
[ info ] [ CACHE ] INIT File
[ info ] [ BEHAVIOR ] Run Closure @app_init [ RunTime:0.002109s ]
[ info ] [ LANG ] F:\phpstudy_pro\WWW\match\thinkphp\lang\zh-cn.php
[ info ] [ ROUTE ] array (
  'type' => 'module',
  'module' => 
  array (
    0 => 'index',
    1 => 'common',
    2 => 'daojishi',
  ),
)
[ info ] [ HEADER ] array (
  'accept-language' => 'zh-CN,zh;q=0.9',
  'accept-encoding' => 'gzip, deflate',
  'referer' => 'http://match-test.com/index/welfare/index.html',
  'content-type' => 'application/json',
  'user-agent' => 'Mozilla/5.0 (Windows NT 10.0; Win64; x64) AppleWebKit/537.36 (KHTML, like Gecko) Chrome/77.0.3865.90 Safari/537.36',
  'x-requested-with' => 'XMLHttpRequest',
  'accept' => 'application/json, text/javascript, */*; q=0.01',
  'connection' => 'close',
  'host' => 'match-test.com',
)
[ info ] [ PARAM ] array (
)
[ info ] [ LANG ] F:\phpstudy_pro\WWW\match\public/../application/index\lang\zh-cn.php
[ info ] [ BEHAVIOR ] Run app\common\behavior\Common @module_init [ RunTime:0.001968s ]
[ info ] [ DB ] INIT mysql
[ info ] [ BEHAVIOR ] Run \addons\nkeditor\Nkeditor @config_init [ RunTime:0.000182s ]
[ info ] [ RUN ] app\index\controller\Common->daojishi[ F:\phpstudy_pro\WWW\match\application\index\controller\Common.php ]
[ info ] [ LOG ] INIT File
---------------------------------------------------------------
[ 2020-03-28T18:30:19+08:00 ] 127.0.0.1 GET match-test.com/favicon.ico
[运行时间：0.048798s] [吞吐率：20.49req/s] [内存消耗：2,107.91kb] [文件加载：108]
[ info ] [ BEHAVIOR ] Run Closure @app_init [ RunTime:0.000043s ]
[ info ] [ CACHE ] INIT File
[ info ] [ BEHAVIOR ] Run Closure @app_init [ RunTime:0.003019s ]
[ info ] [ LANG ] F:\phpstudy_pro\WWW\match\thinkphp\lang\zh-cn.php
[ info ] [ ROUTE ] array (
  'type' => 'module',
  'module' => 
  array (
    0 => 'favicon.ico',
    1 => NULL,
    2 => NULL,
  ),
)
[ info ] [ HEADER ] array (
  'accept-language' => 'zh-CN,zh;q=0.9',
  'accept-encoding' => 'gzip, deflate',
  'referer' => 'http://match-test.com/index/welfare/index.html',
  'accept' => 'image/webp,image/apng,image/*,*/*;q=0.8',
  'user-agent' => 'Mozilla/5.0 (Windows NT 10.0; Win64; x64) AppleWebKit/537.36 (KHTML, like Gecko) Chrome/77.0.3865.90 Safari/537.36',
  'connection' => 'close',
  'host' => 'match-test.com',
)
[ info ] [ PARAM ] array (
)
[ info ] [ LOG ] INIT File
---------------------------------------------------------------
[ 2020-03-28T18:30:21+08:00 ] 127.0.0.1 GET match-test.com/index/index/bm.html
[运行时间：0.274639s] [吞吐率：3.64req/s] [内存消耗：4,238.09kb] [文件加载：132]
[ info ] [ BEHAVIOR ] Run Closure @app_init [ RunTime:0.000015s ]
[ info ] [ CACHE ] INIT File
[ info ] [ BEHAVIOR ] Run Closure @app_init [ RunTime:0.001624s ]
[ info ] [ LANG ] F:\phpstudy_pro\WWW\match\thinkphp\lang\zh-cn.php
[ info ] [ ROUTE ] array (
  'type' => 'module',
  'module' => 
  array (
    0 => 'index',
    1 => 'index',
    2 => 'bm',
  ),
)
[ info ] [ HEADER ] array (
  'accept-language' => 'zh-CN,zh;q=0.9',
  'accept-encoding' => 'gzip, deflate',
  'referer' => 'http://match-test.com/index/welfare/index.html',
  'accept' => 'text/html,application/xhtml+xml,application/xml;q=0.9,image/webp,image/apng,*/*;q=0.8,application/signed-exchange;v=b3',
  'user-agent' => 'Mozilla/5.0 (Windows NT 10.0; Win64; x64) AppleWebKit/537.36 (KHTML, like Gecko) Chrome/77.0.3865.90 Safari/537.36',
  'upgrade-insecure-requests' => '1',
  'connection' => 'close',
  'host' => 'match-test.com',
)
[ info ] [ PARAM ] array (
)
[ info ] [ LANG ] F:\phpstudy_pro\WWW\match\public/../application/index\lang\zh-cn.php
[ info ] [ BEHAVIOR ] Run app\common\behavior\Common @module_init [ RunTime:0.001421s ]
[ info ] [ DB ] INIT mysql
[ info ] [ BEHAVIOR ] Run \addons\nkeditor\Nkeditor @config_init [ RunTime:0.000202s ]
[ info ] [ LANG ] F:\phpstudy_pro\WWW\match\public/../application/index/lang/zh-cn/index.php
[ info ] [ RUN ] app\index\controller\Index->bm[ F:\phpstudy_pro\WWW\match\application\index\controller\Index.php ]
[ info ] [ VIEW ] F:\phpstudy_pro\WWW\match\public/../application/index\view\index\bm.html [ array (
  0 => 'activelist',
  1 => 'us',
  2 => 'kccat',
  3 => 'user',
  4 => 'site',
  5 => 'config',
  6 => 'cur',
) ]
[ info ] [ LOG ] INIT File
---------------------------------------------------------------
[ 2020-03-28T18:30:21+08:00 ] 127.0.0.1 GET match-test.com/index/common/daojishi.html
[运行时间：0.305658s] [吞吐率：3.27req/s] [内存消耗：3,936.32kb] [文件加载：128]
[ info ] [ BEHAVIOR ] Run Closure @app_init [ RunTime:0.000202s ]
[ info ] [ CACHE ] INIT File
[ info ] [ BEHAVIOR ] Run Closure @app_init [ RunTime:0.002154s ]
[ info ] [ LANG ] F:\phpstudy_pro\WWW\match\thinkphp\lang\zh-cn.php
[ info ] [ ROUTE ] array (
  'type' => 'module',
  'module' => 
  array (
    0 => 'index',
    1 => 'common',
    2 => 'daojishi',
  ),
)
[ info ] [ HEADER ] array (
  'accept-language' => 'zh-CN,zh;q=0.9',
  'accept-encoding' => 'gzip, deflate',
  'referer' => 'http://match-test.com/index/index/bm.html',
  'content-type' => 'application/json',
  'user-agent' => 'Mozilla/5.0 (Windows NT 10.0; Win64; x64) AppleWebKit/537.36 (KHTML, like Gecko) Chrome/77.0.3865.90 Safari/537.36',
  'x-requested-with' => 'XMLHttpRequest',
  'accept' => 'application/json, text/javascript, */*; q=0.01',
  'connection' => 'close',
  'host' => 'match-test.com',
)
[ info ] [ PARAM ] array (
)
[ info ] [ LANG ] F:\phpstudy_pro\WWW\match\public/../application/index\lang\zh-cn.php
[ info ] [ BEHAVIOR ] Run app\common\behavior\Common @module_init [ RunTime:0.001525s ]
[ info ] [ DB ] INIT mysql
[ info ] [ BEHAVIOR ] Run \addons\nkeditor\Nkeditor @config_init [ RunTime:0.000187s ]
[ info ] [ RUN ] app\index\controller\Common->daojishi[ F:\phpstudy_pro\WWW\match\application\index\controller\Common.php ]
[ info ] [ LOG ] INIT File
---------------------------------------------------------------
[ 2020-03-28T18:35:10+08:00 ] 127.0.0.1 GET match-test.com/index/cases/formsearch.html
[运行时间：0.281269s] [吞吐率：3.56req/s] [内存消耗：4,141.48kb] [文件加载：131]
[ info ] [ BEHAVIOR ] Run Closure @app_init [ RunTime:0.000069s ]
[ info ] [ CACHE ] INIT File
[ info ] [ BEHAVIOR ] Run Closure @app_init [ RunTime:0.004022s ]
[ info ] [ LANG ] F:\phpstudy_pro\WWW\match\thinkphp\lang\zh-cn.php
[ info ] [ ROUTE ] array (
  'type' => 'module',
  'module' => 
  array (
    0 => 'index',
    1 => 'cases',
    2 => 'formsearch',
  ),
)
[ info ] [ HEADER ] array (
  'accept-language' => 'zh-CN,zh;q=0.9',
  'accept-encoding' => 'gzip, deflate',
  'referer' => 'http://match-test.com/index/index/bm.html',
  'accept' => 'text/html,application/xhtml+xml,application/xml;q=0.9,image/webp,image/apng,*/*;q=0.8,application/signed-exchange;v=b3',
  'user-agent' => 'Mozilla/5.0 (Windows NT 10.0; Win64; x64) AppleWebKit/537.36 (KHTML, like Gecko) Chrome/77.0.3865.90 Safari/537.36',
  'upgrade-insecure-requests' => '1',
  'connection' => 'close',
  'host' => 'match-test.com',
)
[ info ] [ PARAM ] array (
)
[ info ] [ LANG ] F:\phpstudy_pro\WWW\match\public/../application/index\lang\zh-cn.php
[ info ] [ BEHAVIOR ] Run app\common\behavior\Common @module_init [ RunTime:0.001480s ]
[ info ] [ DB ] INIT mysql
[ info ] [ BEHAVIOR ] Run \addons\nkeditor\Nkeditor @config_init [ RunTime:0.000598s ]
[ info ] [ RUN ] app\index\controller\Cases->formsearch[ F:\phpstudy_pro\WWW\match\application\index\controller\Cases.php ]
[ info ] [ VIEW ] F:\phpstudy_pro\WWW\match\public/../application/index\view\cases\formsearch.html [ array (
  0 => 'activelist',
  1 => 'us',
  2 => 'kccat',
  3 => 'user',
  4 => 'site',
  5 => 'config',
  6 => 'cur',
) ]
[ info ] [ LOG ] INIT File
---------------------------------------------------------------
[ 2020-03-28T18:35:10+08:00 ] 127.0.0.1 GET match-test.com/index/common/daojishi.html
[运行时间：0.309779s] [吞吐率：3.23req/s] [内存消耗：3,936.32kb] [文件加载：128]
[ info ] [ BEHAVIOR ] Run Closure @app_init [ RunTime:0.000031s ]
[ info ] [ CACHE ] INIT File
[ info ] [ BEHAVIOR ] Run Closure @app_init [ RunTime:0.003782s ]
[ info ] [ LANG ] F:\phpstudy_pro\WWW\match\thinkphp\lang\zh-cn.php
[ info ] [ ROUTE ] array (
  'type' => 'module',
  'module' => 
  array (
    0 => 'index',
    1 => 'common',
    2 => 'daojishi',
  ),
)
[ info ] [ HEADER ] array (
  'accept-language' => 'zh-CN,zh;q=0.9',
  'accept-encoding' => 'gzip, deflate',
  'referer' => 'http://match-test.com/index/cases/formsearch.html',
  'content-type' => 'application/json',
  'user-agent' => 'Mozilla/5.0 (Windows NT 10.0; Win64; x64) AppleWebKit/537.36 (KHTML, like Gecko) Chrome/77.0.3865.90 Safari/537.36',
  'x-requested-with' => 'XMLHttpRequest',
  'accept' => 'application/json, text/javascript, */*; q=0.01',
  'connection' => 'close',
  'host' => 'match-test.com',
)
[ info ] [ PARAM ] array (
)
[ info ] [ LANG ] F:\phpstudy_pro\WWW\match\public/../application/index\lang\zh-cn.php
[ info ] [ BEHAVIOR ] Run app\common\behavior\Common @module_init [ RunTime:0.002015s ]
[ info ] [ DB ] INIT mysql
[ info ] [ BEHAVIOR ] Run \addons\nkeditor\Nkeditor @config_init [ RunTime:0.000187s ]
[ info ] [ RUN ] app\index\controller\Common->daojishi[ F:\phpstudy_pro\WWW\match\application\index\controller\Common.php ]
[ info ] [ LOG ] INIT File
---------------------------------------------------------------
[ 2020-03-28T18:35:16+08:00 ] 127.0.0.1 GET match-test.com/index/welfare/index.html
[运行时间：0.344835s] [吞吐率：2.90req/s] [内存消耗：3,988.98kb] [文件加载：129]
[ info ] [ BEHAVIOR ] Run Closure @app_init [ RunTime:0.000154s ]
[ info ] [ CACHE ] INIT File
[ info ] [ BEHAVIOR ] Run Closure @app_init [ RunTime:0.002879s ]
[ info ] [ LANG ] F:\phpstudy_pro\WWW\match\thinkphp\lang\zh-cn.php
[ info ] [ ROUTE ] array (
  'type' => 'module',
  'module' => 
  array (
    0 => 'index',
    1 => 'welfare',
    2 => 'index',
  ),
)
[ info ] [ HEADER ] array (
  'accept-language' => 'zh-CN,zh;q=0.9',
  'accept-encoding' => 'gzip, deflate',
  'referer' => 'http://match-test.com/index/cases/formsearch.html',
  'accept' => 'text/html,application/xhtml+xml,application/xml;q=0.9,image/webp,image/apng,*/*;q=0.8,application/signed-exchange;v=b3',
  'user-agent' => 'Mozilla/5.0 (Windows NT 10.0; Win64; x64) AppleWebKit/537.36 (KHTML, like Gecko) Chrome/77.0.3865.90 Safari/537.36',
  'upgrade-insecure-requests' => '1',
  'connection' => 'close',
  'host' => 'match-test.com',
)
[ info ] [ PARAM ] array (
)
[ info ] [ LANG ] F:\phpstudy_pro\WWW\match\public/../application/index\lang\zh-cn.php
[ info ] [ BEHAVIOR ] Run app\common\behavior\Common @module_init [ RunTime:0.001209s ]
[ info ] [ DB ] INIT mysql
[ info ] [ BEHAVIOR ] Run \addons\nkeditor\Nkeditor @config_init [ RunTime:0.000164s ]
[ info ] [ RUN ] app\index\controller\Welfare->index[ F:\phpstudy_pro\WWW\match\application\index\controller\Welfare.php ]
[ info ] [ VIEW ] F:\phpstudy_pro\WWW\match\public/../application/index\view\welfare\index.html [ array (
  0 => 'activelist',
  1 => 'us',
  2 => 'kccat',
  3 => 'user',
  4 => 'site',
  5 => 'config',
  6 => 'titles',
  7 => 'cur',
) ]
[ info ] [ LOG ] INIT File
---------------------------------------------------------------
[ 2020-03-28T18:35:16+08:00 ] 127.0.0.1 GET match-test.com/index/common/daojishi.html
[运行时间：0.290302s] [吞吐率：3.44req/s] [内存消耗：3,936.32kb] [文件加载：128]
[ info ] [ BEHAVIOR ] Run Closure @app_init [ RunTime:0.000018s ]
[ info ] [ CACHE ] INIT File
[ info ] [ BEHAVIOR ] Run Closure @app_init [ RunTime:0.001820s ]
[ info ] [ LANG ] F:\phpstudy_pro\WWW\match\thinkphp\lang\zh-cn.php
[ info ] [ ROUTE ] array (
  'type' => 'module',
  'module' => 
  array (
    0 => 'index',
    1 => 'common',
    2 => 'daojishi',
  ),
)
[ info ] [ HEADER ] array (
  'accept-language' => 'zh-CN,zh;q=0.9',
  'accept-encoding' => 'gzip, deflate',
  'referer' => 'http://match-test.com/index/welfare/index.html',
  'content-type' => 'application/json',
  'user-agent' => 'Mozilla/5.0 (Windows NT 10.0; Win64; x64) AppleWebKit/537.36 (KHTML, like Gecko) Chrome/77.0.3865.90 Safari/537.36',
  'x-requested-with' => 'XMLHttpRequest',
  'accept' => 'application/json, text/javascript, */*; q=0.01',
  'connection' => 'close',
  'host' => 'match-test.com',
)
[ info ] [ PARAM ] array (
)
[ info ] [ LANG ] F:\phpstudy_pro\WWW\match\public/../application/index\lang\zh-cn.php
[ info ] [ BEHAVIOR ] Run app\common\behavior\Common @module_init [ RunTime:0.001384s ]
[ info ] [ DB ] INIT mysql
[ info ] [ BEHAVIOR ] Run \addons\nkeditor\Nkeditor @config_init [ RunTime:0.000241s ]
[ info ] [ RUN ] app\index\controller\Common->daojishi[ F:\phpstudy_pro\WWW\match\application\index\controller\Common.php ]
[ info ] [ LOG ] INIT File
